[2026-01-18 11:43:08,379:INFO:main:Welcome to out custom log]
[2026-01-18 11:43:40,906:INFO:main:Welcome to out custom log]
[2026-01-23 13:17:55,176:INFO:common:yaml file: config\config.yaml loaded successfully]
[2026-01-23 13:17:55,254:INFO:common:yaml file: params.yaml loaded successfully]
[2026-01-23 13:17:55,271:INFO:common:created directory at:artifacts]
[2026-01-23 13:17:55,279:INFO:common:created directory at:artifacts/data_ingestion]
[2026-01-23 13:20:25,270:INFO:common:yaml file: config\config.yaml loaded successfully]
[2026-01-23 13:20:25,286:INFO:common:yaml file: params.yaml loaded successfully]
[2026-01-23 13:20:25,292:INFO:common:created directory at:artifacts]
[2026-01-23 13:20:25,295:INFO:common:created directory at:artifacts/data_ingestion]
[2026-01-23 13:20:25,299:INFO:3524214957:Downloading data from https://drive.google.com/file/d/1DgIOoav6Ci2iN_bWOEK1V8VdQeRbN636/view?usp=drive_link into file artifacts/data_ingestion/data.zip]
[2026-01-23 13:28:00,055:INFO:3524214957:Download data from https://drive.google.com/file/d/1DgIOoav6Ci2iN_bWOEK1V8VdQeRbN636/view?usp=drive_link into file artifacts/data_ingestion/data.zip]
[2026-01-23 13:55:37,957:INFO:main:>>>>>> stage Data Ingestion Stage started <<<<<<]
[2026-01-23 13:55:37,960:INFO:common:yaml file: config\config.yaml loaded successfully]
[2026-01-23 13:55:37,965:INFO:common:yaml file: params.yaml loaded successfully]
[2026-01-23 13:55:37,967:INFO:common:created directory at:artifacts]
[2026-01-23 13:55:37,969:INFO:common:created directory at:artifacts/data_ingestion]
[2026-01-23 13:55:37,970:INFO:data_ingestion:Downloading data from https://drive.google.com/file/d/1DgIOoav6Ci2iN_bWOEK1V8VdQeRbN636/view?usp=drive_link into file artifacts/data_ingestion/data.zip]
[2026-01-23 14:03:11,432:INFO:data_ingestion:Download data from https://drive.google.com/file/d/1DgIOoav6Ci2iN_bWOEK1V8VdQeRbN636/view?usp=drive_link into file artifacts/data_ingestion/data.zip]
[2026-01-23 14:04:01,390:INFO:main:>>>>>> Data Ingestion Stage completed <<<<<< 

x=========x]
[2026-01-23 15:28:23,742:INFO:common:yaml file: config\config.yaml loaded successfully]
[2026-01-23 15:28:23,794:INFO:common:yaml file: params.yaml loaded successfully]
[2026-01-23 15:28:23,806:INFO:common:created directory at:artifacts]
[2026-01-23 15:28:23,812:INFO:common:created directory at:artifacts/prepare_base_model]
[2026-01-23 15:28:51,130:INFO:common:yaml file: config\config.yaml loaded successfully]
[2026-01-23 15:28:51,137:INFO:common:yaml file: params.yaml loaded successfully]
[2026-01-23 15:28:51,143:INFO:common:created directory at:artifacts]
[2026-01-23 15:28:51,146:INFO:common:created directory at:artifacts/prepare_base_model]
[2026-01-23 15:42:59,889:INFO:common:yaml file: config\config.yaml loaded successfully]
[2026-01-23 15:42:59,912:INFO:common:yaml file: params.yaml loaded successfully]
[2026-01-23 15:42:59,921:INFO:common:created directory at:artifacts]
[2026-01-23 15:42:59,925:INFO:common:created directory at:artifacts/prepare_base_model]
[2026-01-23 15:45:22,979:INFO:common:yaml file: config\config.yaml loaded successfully]
[2026-01-23 15:45:23,000:INFO:common:yaml file: params.yaml loaded successfully]
[2026-01-23 15:45:23,009:INFO:common:created directory at:artifacts]
[2026-01-23 15:45:23,014:INFO:common:created directory at:artifacts/prepare_base_model]
[2026-01-23 15:50:58,015:INFO:common:yaml file: config\config.yaml loaded successfully]
[2026-01-23 15:50:58,033:INFO:common:yaml file: params.yaml loaded successfully]
[2026-01-23 15:50:58,041:INFO:common:created directory at:artifacts]
[2026-01-23 15:50:58,047:INFO:common:created directory at:artifacts/prepare_base_model]
[2026-01-23 15:51:19,707:WARNING:saving_utils:Compiled the loaded model, but the compiled metrics have yet to be built. `model.compile_metrics` will be empty until you train or evaluate the model.]
[2026-01-23 16:09:42,986:INFO:main:>>>>>> stage Data Ingestion Stage started <<<<<<]
[2026-01-23 16:09:42,991:INFO:common:yaml file: config\config.yaml loaded successfully]
[2026-01-23 16:09:42,996:INFO:common:yaml file: params.yaml loaded successfully]
[2026-01-23 16:09:42,998:INFO:common:created directory at:artifacts]
[2026-01-23 16:09:42,999:INFO:common:created directory at:artifacts/data_ingestion]
[2026-01-23 16:09:43,000:INFO:data_ingestion:Downloading data from https://drive.google.com/file/d/1DgIOoav6Ci2iN_bWOEK1V8VdQeRbN636/view?usp=drive_link into file artifacts/data_ingestion/data.zip]
[2026-01-23 16:17:20,598:INFO:data_ingestion:Download data from https://drive.google.com/file/d/1DgIOoav6Ci2iN_bWOEK1V8VdQeRbN636/view?usp=drive_link into file artifacts/data_ingestion/data.zip]
[2026-01-23 16:17:58,053:INFO:main:>>>>>> Data Ingestion Stage completed <<<<<< 

x=========x]
[2026-01-23 16:17:58,079:INFO:main:>>>>>> stage Prepare base model started <<<<<<]
[2026-01-23 16:17:58,136:INFO:common:yaml file: config\config.yaml loaded successfully]
[2026-01-23 16:17:58,162:INFO:common:yaml file: params.yaml loaded successfully]
[2026-01-23 16:17:58,175:INFO:common:created directory at:artifacts]
[2026-01-23 16:17:58,176:INFO:common:created directory at:artifacts/prepare_base_model]
[2026-01-23 16:17:58,178:ERROR:main:name 'Path' is not defined]
Traceback (most recent call last):
  File "C:\Users\naina\Kidney-Disease-Classification-Deep-Learning-Project\main.py", line 25, in <module>
    obj.main()
  File "C:\Users\naina\Kidney-Disease-Classification-Deep-Learning-Project\src\cnnClassifier\pipeline\stage02_prepare_base_model.py", line 13, in main
    prepare_base_model_config=config.get_prepare_base_model_config()
  File "C:\Users\naina\Kidney-Disease-Classification-Deep-Learning-Project\src\cnnClassifier\config\configuration.py", line 41, in get_prepare_base_model_config
    root_dir=Path(config.root_dir),
NameError: name 'Path' is not defined
[2026-01-23 16:21:15,883:INFO:main:>>>>>> stage Data Ingestion Stage started <<<<<<]
[2026-01-23 16:21:15,899:INFO:common:yaml file: config\config.yaml loaded successfully]
[2026-01-23 16:21:15,911:INFO:common:yaml file: params.yaml loaded successfully]
[2026-01-23 16:21:15,914:INFO:common:created directory at:artifacts]
[2026-01-23 16:21:15,915:INFO:common:created directory at:artifacts/data_ingestion]
[2026-01-23 16:21:15,915:INFO:data_ingestion:Downloading data from https://drive.google.com/file/d/1DgIOoav6Ci2iN_bWOEK1V8VdQeRbN636/view?usp=drive_link into file artifacts/data_ingestion/data.zip]
[2026-01-23 16:22:23,820:INFO:main:>>>>>> stage Data Ingestion Stage started <<<<<<]
[2026-01-23 16:22:23,824:INFO:common:yaml file: config\config.yaml loaded successfully]
[2026-01-23 16:22:23,830:INFO:common:yaml file: params.yaml loaded successfully]
[2026-01-23 16:22:23,831:INFO:common:created directory at:artifacts]
[2026-01-23 16:22:23,832:INFO:common:created directory at:artifacts/data_ingestion]
[2026-01-23 16:22:23,833:INFO:data_ingestion:Downloading data from https://drive.google.com/file/d/1DgIOoav6Ci2iN_bWOEK1V8VdQeRbN636/view?usp=drive_link into file artifacts/data_ingestion/data.zip]
[2026-01-23 16:29:58,716:INFO:data_ingestion:Download data from https://drive.google.com/file/d/1DgIOoav6Ci2iN_bWOEK1V8VdQeRbN636/view?usp=drive_link into file artifacts/data_ingestion/data.zip]
[2026-01-23 16:30:35,660:INFO:main:>>>>>> Data Ingestion Stage completed <<<<<< 

x=========x]
[2026-01-23 16:30:35,661:INFO:main:>>>>>> stage Prepare base model started <<<<<<]
[2026-01-23 16:30:35,686:INFO:common:yaml file: config\config.yaml loaded successfully]
[2026-01-23 16:30:35,701:INFO:common:yaml file: params.yaml loaded successfully]
[2026-01-23 16:30:35,707:INFO:common:created directory at:artifacts]
[2026-01-23 16:30:35,707:INFO:common:created directory at:artifacts/prepare_base_model]
[2026-01-23 16:30:38,801:WARNING:saving_utils:Compiled the loaded model, but the compiled metrics have yet to be built. `model.compile_metrics` will be empty until you train or evaluate the model.]
[2026-01-23 16:30:39,875:INFO:main:>>>>>> Prepare base model completed <<<<<< 

x=========x]
[2026-01-23 17:35:30,932:INFO:common:yaml file: config\config.yaml loaded successfully]
[2026-01-23 17:35:31,006:INFO:common:yaml file: params.yaml loaded successfully]
[2026-01-23 17:35:31,035:INFO:common:created directory at:artifacts]
[2026-01-23 17:40:03,306:INFO:common:yaml file: config\config.yaml loaded successfully]
[2026-01-23 17:40:03,326:INFO:common:yaml file: params.yaml loaded successfully]
[2026-01-23 17:40:03,334:INFO:common:created directory at:artifacts]
[2026-01-23 17:40:03,342:INFO:common:created directory at:artifacts\training]
[2026-01-23 19:32:25,208:INFO:common:yaml file: config\config.yaml loaded successfully]
[2026-01-23 19:32:25,232:INFO:common:yaml file: params.yaml loaded successfully]
[2026-01-23 19:32:25,245:INFO:common:created directory at:artifacts]
[2026-01-23 19:32:25,252:INFO:common:created directory at:artifacts\training]
[2026-01-23 19:36:46,777:INFO:common:yaml file: config\config.yaml loaded successfully]
[2026-01-23 19:36:46,865:INFO:common:yaml file: params.yaml loaded successfully]
[2026-01-23 19:36:46,877:INFO:common:created directory at:artifacts]
[2026-01-23 19:36:46,882:INFO:common:created directory at:artifacts\training]
[2026-01-23 19:39:46,067:INFO:common:yaml file: config\config.yaml loaded successfully]
[2026-01-23 19:39:46,094:INFO:common:yaml file: params.yaml loaded successfully]
[2026-01-23 19:39:46,106:INFO:common:created directory at:artifacts]
[2026-01-23 19:39:46,118:INFO:common:created directory at:artifacts\training]
[2026-01-23 19:44:39,474:INFO:main:>>>>>> stage Data Ingestion Stage started <<<<<<]
[2026-01-23 19:44:39,486:INFO:common:yaml file: config\config.yaml loaded successfully]
[2026-01-23 19:44:39,491:INFO:common:yaml file: params.yaml loaded successfully]
[2026-01-23 19:44:39,495:INFO:common:created directory at:artifacts]
[2026-01-23 19:44:39,499:INFO:common:created directory at:artifacts/data_ingestion]
[2026-01-23 19:44:39,500:INFO:data_ingestion:Downloading data from https://drive.google.com/file/d/1mYoexgS0MqfkvGdqQ5DE2hpBQ4BLPsOx/view?usp=drive_link into file artifacts/data_ingestion/data.zip]
[2026-01-23 19:44:41,701:ERROR:main:Failed to retrieve file url:

	Cannot retrieve the public link of the file. You may need to change
	the permission to 'Anyone with the link', or have had many accesses.
	Check FAQ in https://github.com/wkentaro/gdown?tab=readme-ov-file#faq.

You may still be able to access the file from the browser:

	https://drive.google.com/uc?id=1mYoexgS0MqfkvGdqQ5DE2hpBQ4BLPsOx

but Gdown can't. Please check connections and permissions.]
Traceback (most recent call last):
  File "D:\Anaconda\envs\kidney\lib\site-packages\gdown\download.py", line 267, in download
    url = get_url_from_gdrive_confirmation(res.text)
  File "D:\Anaconda\envs\kidney\lib\site-packages\gdown\download.py", line 55, in get_url_from_gdrive_confirmation
    raise FileURLRetrievalError(
gdown.exceptions.FileURLRetrievalError: Cannot retrieve the public link of the file. You may need to change the permission to 'Anyone with the link', or have had many accesses. Check FAQ in https://github.com/wkentaro/gdown?tab=readme-ov-file#faq.

During handling of the above exception, another exception occurred:

Traceback (most recent call last):
  File "C:\Users\naina\Kidney-Disease-Classification-Deep-Learning-Project\main.py", line 10, in <module>
    obj.main()
  File "C:\Users\naina\Kidney-Disease-Classification-Deep-Learning-Project\src\cnnClassifier\pipeline\stage01_data_ingestion.py", line 14, in main
    data_ingestion.download_file()
  File "C:\Users\naina\Kidney-Disease-Classification-Deep-Learning-Project\src\cnnClassifier\components\data_ingestion.py", line 30, in download_file
    raise e
  File "C:\Users\naina\Kidney-Disease-Classification-Deep-Learning-Project\src\cnnClassifier\components\data_ingestion.py", line 25, in download_file
    gdown.download(prefix,zip_download_dir)
  File "D:\Anaconda\envs\kidney\lib\site-packages\gdown\download.py", line 278, in download
    raise FileURLRetrievalError(message)
gdown.exceptions.FileURLRetrievalError: Failed to retrieve file url:

	Cannot retrieve the public link of the file. You may need to change
	the permission to 'Anyone with the link', or have had many accesses.
	Check FAQ in https://github.com/wkentaro/gdown?tab=readme-ov-file#faq.

You may still be able to access the file from the browser:

	https://drive.google.com/uc?id=1mYoexgS0MqfkvGdqQ5DE2hpBQ4BLPsOx

but Gdown can't. Please check connections and permissions.
[2026-01-23 19:46:00,699:INFO:main:>>>>>> stage Data Ingestion Stage started <<<<<<]
[2026-01-23 19:46:00,709:INFO:common:yaml file: config\config.yaml loaded successfully]
[2026-01-23 19:46:00,715:INFO:common:yaml file: params.yaml loaded successfully]
[2026-01-23 19:46:00,717:INFO:common:created directory at:artifacts]
[2026-01-23 19:46:00,723:INFO:common:created directory at:artifacts/data_ingestion]
[2026-01-23 19:46:00,723:INFO:data_ingestion:Downloading data from https://drive.google.com/file/d/1mYoexgS0MqfkvGdqQ5DE2hpBQ4BLPsOx/view?usp=drive_link into file artifacts/data_ingestion/data.zip]
[2026-01-23 19:47:02,938:INFO:data_ingestion:Download data from https://drive.google.com/file/d/1mYoexgS0MqfkvGdqQ5DE2hpBQ4BLPsOx/view?usp=drive_link into file artifacts/data_ingestion/data.zip]
[2026-01-23 19:47:08,277:INFO:main:>>>>>> Data Ingestion Stage completed <<<<<< 

x=========x]
[2026-01-23 19:47:08,278:INFO:main:>>>>>> stage Prepare base model started <<<<<<]
[2026-01-23 19:47:08,377:INFO:common:yaml file: config\config.yaml loaded successfully]
[2026-01-23 19:47:08,395:INFO:common:yaml file: params.yaml loaded successfully]
[2026-01-23 19:47:08,401:INFO:common:created directory at:artifacts]
[2026-01-23 19:47:08,402:INFO:common:created directory at:artifacts/prepare_base_model]
[2026-01-23 19:47:10,751:WARNING:saving_utils:Compiled the loaded model, but the compiled metrics have yet to be built. `model.compile_metrics` will be empty until you train or evaluate the model.]
[2026-01-23 19:47:11,505:INFO:main:>>>>>> Prepare base model completed <<<<<< 

x=========x]
[2026-01-23 19:55:14,907:INFO:common:yaml file: config\config.yaml loaded successfully]
[2026-01-23 19:55:14,925:INFO:common:yaml file: params.yaml loaded successfully]
[2026-01-23 19:55:14,934:INFO:common:created directory at:artifacts]
[2026-01-23 19:55:14,938:INFO:common:created directory at:artifacts\training]
[2026-01-23 20:19:00,723:INFO:main:>>>>>> stage Data Ingestion Stage started <<<<<<]
[2026-01-23 20:19:00,729:INFO:common:yaml file: config\config.yaml loaded successfully]
[2026-01-23 20:19:00,735:INFO:common:yaml file: params.yaml loaded successfully]
[2026-01-23 20:19:00,739:INFO:common:created directory at:artifacts]
[2026-01-23 20:19:00,741:INFO:common:created directory at:artifacts/data_ingestion]
[2026-01-23 20:19:00,741:INFO:data_ingestion:Downloading data from https://drive.google.com/file/d/1mYoexgS0MqfkvGdqQ5DE2hpBQ4BLPsOx/view?usp=drive_link into file artifacts/data_ingestion/data.zip]
[2026-01-23 20:20:00,007:INFO:data_ingestion:Download data from https://drive.google.com/file/d/1mYoexgS0MqfkvGdqQ5DE2hpBQ4BLPsOx/view?usp=drive_link into file artifacts/data_ingestion/data.zip]
[2026-01-23 20:20:07,104:INFO:main:>>>>>> Data Ingestion Stage completed <<<<<< 

x=========x]
[2026-01-23 20:20:07,104:INFO:main:>>>>>> stage Prepare base model started <<<<<<]
[2026-01-23 20:20:07,108:INFO:common:yaml file: config\config.yaml loaded successfully]
[2026-01-23 20:20:07,110:INFO:common:yaml file: params.yaml loaded successfully]
[2026-01-23 20:20:07,111:INFO:common:created directory at:artifacts]
[2026-01-23 20:20:07,112:INFO:common:created directory at:artifacts/prepare_base_model]
[2026-01-23 20:20:08,564:WARNING:saving_utils:Compiled the loaded model, but the compiled metrics have yet to be built. `model.compile_metrics` will be empty until you train or evaluate the model.]
[2026-01-23 20:20:09,066:INFO:main:>>>>>> Prepare base model completed <<<<<< 

x=========x]
[2026-01-23 20:20:09,067:INFO:main:>>>>>> stage TRAINING started <<<<<<]
[2026-01-23 20:20:09,073:INFO:common:yaml file: config\config.yaml loaded successfully]
[2026-01-23 20:20:09,076:INFO:common:yaml file: params.yaml loaded successfully]
[2026-01-23 20:20:09,077:INFO:common:created directory at:artifacts]
[2026-01-23 20:20:09,078:INFO:common:created directory at:artifacts\training]
[2026-01-23 20:25:55,787:INFO:main:>>>>>> TRAINING completed <<<<<< 

x=========x]
[2026-01-24 01:05:43,250:INFO:common:yaml file: config\config.yaml loaded successfully]
[2026-01-24 01:05:43,375:INFO:common:yaml file: params.yaml loaded successfully]
[2026-01-24 01:05:43,408:INFO:common:created directory at:artifacts]
[2026-01-24 01:06:41,154:INFO:common:yaml file: config\config.yaml loaded successfully]
[2026-01-24 01:06:41,172:INFO:common:yaml file: params.yaml loaded successfully]
[2026-01-24 01:06:41,180:INFO:common:created directory at:artifacts]
[2026-01-24 01:08:50,029:INFO:common:yaml file: config\config.yaml loaded successfully]
[2026-01-24 01:08:50,096:INFO:common:yaml file: params.yaml loaded successfully]
[2026-01-24 01:08:50,106:INFO:common:created directory at:artifacts]
[2026-01-24 01:10:13,405:INFO:common:yaml file: config\config.yaml loaded successfully]
[2026-01-24 01:10:13,423:INFO:common:yaml file: params.yaml loaded successfully]
[2026-01-24 01:10:13,431:INFO:common:created directory at:artifacts]
[2026-01-24 01:12:46,141:INFO:common:yaml file: config\config.yaml loaded successfully]
[2026-01-24 01:12:46,179:INFO:common:yaml file: params.yaml loaded successfully]
[2026-01-24 01:12:46,187:INFO:common:created directory at:artifacts]
[2026-01-24 01:15:22,216:INFO:common:yaml file: config\config.yaml loaded successfully]
[2026-01-24 01:15:22,239:INFO:common:yaml file: params.yaml loaded successfully]
[2026-01-24 01:15:22,247:INFO:common:created directory at:artifacts]
[2026-01-24 01:19:38,469:INFO:common:yaml file: config\config.yaml loaded successfully]
[2026-01-24 01:19:38,488:INFO:common:yaml file: params.yaml loaded successfully]
[2026-01-24 01:19:38,501:INFO:common:created directory at:artifacts]
[2026-01-24 01:20:26,847:INFO:common:json file saved at :scores.json]
[2026-01-24 01:20:34,655:WARNING:save:Found untraced functions such as _jit_compiled_convolution_op, _jit_compiled_convolution_op, _jit_compiled_convolution_op, _jit_compiled_convolution_op, _jit_compiled_convolution_op while saving (showing 5 of 14). These functions will not be directly callable after loading.]
[2026-01-24 01:20:36,918:INFO:builder_impl:Assets written to: C:\Users\naina\AppData\Local\Temp\tmp8ded1cun\model\data\model\assets]
[2026-01-24 01:30:14,689:INFO:common:yaml file: config\config.yaml loaded successfully]
[2026-01-24 01:30:14,790:INFO:common:yaml file: params.yaml loaded successfully]
[2026-01-24 01:30:14,810:INFO:common:created directory at:artifacts]
[2026-01-24 01:32:50,821:INFO:common:yaml file: config\config.yaml loaded successfully]
[2026-01-24 01:32:50,853:INFO:common:yaml file: params.yaml loaded successfully]
[2026-01-24 01:32:50,865:INFO:common:created directory at:artifacts]
[2026-01-24 01:34:51,468:INFO:common:json file saved at :scores.json]
[2026-01-24 01:35:10,151:WARNING:save:Found untraced functions such as _jit_compiled_convolution_op, _jit_compiled_convolution_op, _jit_compiled_convolution_op, _jit_compiled_convolution_op, _jit_compiled_convolution_op while saving (showing 5 of 14). These functions will not be directly callable after loading.]
[2026-01-24 01:35:14,981:INFO:builder_impl:Assets written to: C:\Users\naina\AppData\Local\Temp\tmp53kkiqj6\model\data\model\assets]
[2026-01-24 01:57:53,748:INFO:main:>>>>>> stage Data Ingestion Stage started <<<<<<]
[2026-01-24 01:57:53,757:INFO:common:yaml file: config\config.yaml loaded successfully]
[2026-01-24 01:57:53,772:INFO:common:yaml file: params.yaml loaded successfully]
[2026-01-24 01:57:53,779:INFO:common:created directory at:artifacts]
[2026-01-24 01:57:53,781:INFO:common:created directory at:artifacts/data_ingestion]
[2026-01-24 01:57:53,784:INFO:data_ingestion:Downloading data from https://drive.google.com/file/d/1mYoexgS0MqfkvGdqQ5DE2hpBQ4BLPsOx/view?usp=drive_link into file artifacts/data_ingestion/data.zip]
[2026-01-24 01:58:54,047:INFO:data_ingestion:Download data from https://drive.google.com/file/d/1mYoexgS0MqfkvGdqQ5DE2hpBQ4BLPsOx/view?usp=drive_link into file artifacts/data_ingestion/data.zip]
[2026-01-24 01:59:00,318:INFO:main:>>>>>> Data Ingestion Stage completed <<<<<< 

x=========x]
[2026-01-24 01:59:00,322:INFO:main:>>>>>> stage Prepare base model started <<<<<<]
[2026-01-24 01:59:00,362:INFO:common:yaml file: config\config.yaml loaded successfully]
[2026-01-24 01:59:00,386:INFO:common:yaml file: params.yaml loaded successfully]
[2026-01-24 01:59:00,421:INFO:common:created directory at:artifacts]
[2026-01-24 01:59:00,441:INFO:common:created directory at:artifacts/prepare_base_model]
[2026-01-24 01:59:04,483:WARNING:saving_utils:Compiled the loaded model, but the compiled metrics have yet to be built. `model.compile_metrics` will be empty until you train or evaluate the model.]
[2026-01-24 01:59:07,382:INFO:main:>>>>>> Prepare base model completed <<<<<< 

x=========x]
[2026-01-24 01:59:07,382:INFO:main:>>>>>> stage TRAINING started <<<<<<]
[2026-01-24 01:59:07,386:INFO:common:yaml file: config\config.yaml loaded successfully]
[2026-01-24 01:59:07,390:INFO:common:yaml file: params.yaml loaded successfully]
[2026-01-24 01:59:07,391:INFO:common:created directory at:artifacts]
[2026-01-24 01:59:07,394:INFO:common:created directory at:artifacts\training]
[2026-01-24 02:04:05,673:INFO:main:>>>>>> TRAINING completed <<<<<< 

x=========x]
[2026-01-24 02:04:05,688:INFO:main:>>>>>> stage Evaluation stage started <<<<<<]
[2026-01-24 02:04:05,718:INFO:common:yaml file: config\config.yaml loaded successfully]
[2026-01-24 02:04:05,735:INFO:common:yaml file: params.yaml loaded successfully]
[2026-01-24 02:04:05,745:INFO:common:created directory at:artifacts]
[2026-01-24 02:04:05,747:ERROR:main:'ConfigurationManager' object has no attribute 'get_evaluation_config']
Traceback (most recent call last):
  File "C:\Users\naina\Kidney-Disease-Classification-Deep-Learning-Project\main.py", line 51, in <module>
    obj.main()
  File "C:\Users\naina\Kidney-Disease-Classification-Deep-Learning-Project\src\cnnClassifier\pipeline\stage04_model_evaluation_mlflow.py", line 13, in main
    eval_config=config.get_evaluation_config()
AttributeError: 'ConfigurationManager' object has no attribute 'get_evaluation_config'
[2026-01-24 02:08:14,364:INFO:main:>>>>>> stage Data Ingestion Stage started <<<<<<]
[2026-01-24 02:08:14,406:INFO:common:yaml file: config\config.yaml loaded successfully]
[2026-01-24 02:08:14,424:INFO:common:yaml file: params.yaml loaded successfully]
[2026-01-24 02:08:14,430:INFO:common:created directory at:artifacts]
[2026-01-24 02:08:14,436:INFO:common:created directory at:artifacts/data_ingestion]
[2026-01-24 02:08:14,440:INFO:data_ingestion:Downloading data from https://drive.google.com/file/d/1mYoexgS0MqfkvGdqQ5DE2hpBQ4BLPsOx/view?usp=drive_link into file artifacts/data_ingestion/data.zip]
[2026-01-24 02:09:27,897:INFO:data_ingestion:Download data from https://drive.google.com/file/d/1mYoexgS0MqfkvGdqQ5DE2hpBQ4BLPsOx/view?usp=drive_link into file artifacts/data_ingestion/data.zip]
[2026-01-24 02:09:41,231:INFO:main:>>>>>> Data Ingestion Stage completed <<<<<< 

x=========x]
[2026-01-24 02:09:41,246:INFO:main:>>>>>> stage Prepare base model started <<<<<<]
[2026-01-24 02:09:41,289:INFO:common:yaml file: config\config.yaml loaded successfully]
[2026-01-24 02:09:41,323:INFO:common:yaml file: params.yaml loaded successfully]
[2026-01-24 02:09:41,338:INFO:common:created directory at:artifacts]
[2026-01-24 02:09:41,347:INFO:common:created directory at:artifacts/prepare_base_model]
[2026-01-24 02:09:45,668:WARNING:saving_utils:Compiled the loaded model, but the compiled metrics have yet to be built. `model.compile_metrics` will be empty until you train or evaluate the model.]
[2026-01-24 02:09:54,024:INFO:main:>>>>>> Prepare base model completed <<<<<< 

x=========x]
[2026-01-24 02:09:54,114:INFO:main:>>>>>> stage TRAINING started <<<<<<]
[2026-01-24 02:09:54,310:INFO:common:yaml file: config\config.yaml loaded successfully]
[2026-01-24 02:09:54,332:INFO:common:yaml file: params.yaml loaded successfully]
[2026-01-24 02:09:54,506:INFO:common:created directory at:artifacts]
[2026-01-24 02:09:54,674:INFO:common:created directory at:artifacts\training]
[2026-01-24 02:16:27,800:INFO:main:>>>>>> TRAINING completed <<<<<< 

x=========x]
[2026-01-24 02:16:27,822:INFO:main:>>>>>> stage Evaluation stage started <<<<<<]
[2026-01-24 02:16:27,865:INFO:common:yaml file: config\config.yaml loaded successfully]
[2026-01-24 02:16:27,914:INFO:common:yaml file: params.yaml loaded successfully]
[2026-01-24 02:16:27,945:INFO:common:created directory at:artifacts]
[2026-01-24 02:17:26,438:INFO:common:json file saved at :scores.json]
[2026-01-24 02:17:33,095:WARNING:save:Found untraced functions such as _jit_compiled_convolution_op, _jit_compiled_convolution_op, _jit_compiled_convolution_op, _jit_compiled_convolution_op, _jit_compiled_convolution_op while saving (showing 5 of 14). These functions will not be directly callable after loading.]
[2026-01-24 02:17:35,199:INFO:builder_impl:Assets written to: C:\Users\naina\AppData\Local\Temp\tmp0tjolt3i\model\data\model\assets]
[2026-01-24 02:18:48,260:ERROR:main:No module named 'distutils._modified']
Traceback (most recent call last):
  File "C:\Users\naina\Kidney-Disease-Classification-Deep-Learning-Project\main.py", line 51, in <module>
    obj.main()
  File "C:\Users\naina\Kidney-Disease-Classification-Deep-Learning-Project\src\cnnClassifier\pipeline\stage04_model_evaluation_mlflow.py", line 16, in main
    evaluation.log_into_mlflow()
  File "C:\Users\naina\Kidney-Disease-Classification-Deep-Learning-Project\src\cnnClassifier\components\model_evaluation_mlflow.py", line 66, in log_into_mlflow
    mlflow.keras.log_model(self.model,"model")
  File "D:\Anaconda\envs\kidney\lib\site-packages\mlflow\tensorflow\__init__.py", line 222, in log_model
    return Model.log(
  File "D:\Anaconda\envs\kidney\lib\site-packages\mlflow\models\model.py", line 552, in log
    mlflow.tracking.fluent.log_artifacts(local_path, mlflow_model.artifact_path)
  File "D:\Anaconda\envs\kidney\lib\site-packages\mlflow\tracking\fluent.py", line 817, in log_artifacts
    MlflowClient().log_artifacts(run_id, local_dir, artifact_path)
  File "D:\Anaconda\envs\kidney\lib\site-packages\mlflow\tracking\client.py", line 1069, in log_artifacts
    self._tracking_client.log_artifacts(run_id, local_dir, artifact_path)
  File "D:\Anaconda\envs\kidney\lib\site-packages\mlflow\tracking\_tracking_service\client.py", line 448, in log_artifacts
    self._get_artifact_repo(run_id).log_artifacts(local_dir, artifact_path)
  File "D:\Anaconda\envs\kidney\lib\site-packages\mlflow\store\artifact\local_artifact_repo.py", line 58, in log_artifacts
    dir_util.copy_tree(src=local_dir, dst=artifact_dir, preserve_mode=0, preserve_times=0)
  File "D:\Anaconda\envs\kidney\lib\site-packages\setuptools\_distutils\dir_util.py", line 150, in copy_tree
    return list(itertools.chain.from_iterable(map(copy_one, names)))
  File "D:\Anaconda\envs\kidney\lib\site-packages\setuptools\_distutils\dir_util.py", line 192, in _copy_one
    file_util.copy_file(
  File "D:\Anaconda\envs\kidney\lib\site-packages\setuptools\_distutils\file_util.py", line 104, in copy_file
    from distutils._modified import newer
ModuleNotFoundError: No module named 'distutils._modified'
[2026-01-24 02:20:39,919:INFO:common:yaml file: config\config.yaml loaded successfully]
[2026-01-24 02:20:39,970:INFO:common:yaml file: params.yaml loaded successfully]
[2026-01-24 02:20:39,997:INFO:common:created directory at:artifacts]
[2026-01-24 02:23:16,426:INFO:common:json file saved at :scores.json]
[2026-01-24 02:23:26,101:WARNING:save:Found untraced functions such as _jit_compiled_convolution_op, _jit_compiled_convolution_op, _jit_compiled_convolution_op, _jit_compiled_convolution_op, _jit_compiled_convolution_op while saving (showing 5 of 14). These functions will not be directly callable after loading.]
[2026-01-24 02:23:30,763:INFO:builder_impl:Assets written to: C:\Users\naina\AppData\Local\Temp\tmps94enp8t\model\data\model\assets]
[2026-01-24 02:26:46,281:INFO:main:>>>>>> stage Data Ingestion Stage started <<<<<<]
[2026-01-24 02:26:46,309:INFO:common:yaml file: config\config.yaml loaded successfully]
[2026-01-24 02:26:46,327:INFO:common:yaml file: params.yaml loaded successfully]
[2026-01-24 02:26:46,337:INFO:common:created directory at:artifacts]
[2026-01-24 02:26:46,341:INFO:common:created directory at:artifacts/data_ingestion]
[2026-01-24 02:26:46,346:INFO:data_ingestion:Downloading data from https://drive.google.com/file/d/1mYoexgS0MqfkvGdqQ5DE2hpBQ4BLPsOx/view?usp=drive_link into file artifacts/data_ingestion/data.zip]
[2026-01-24 02:27:51,964:INFO:data_ingestion:Download data from https://drive.google.com/file/d/1mYoexgS0MqfkvGdqQ5DE2hpBQ4BLPsOx/view?usp=drive_link into file artifacts/data_ingestion/data.zip]
[2026-01-24 02:27:59,882:INFO:main:>>>>>> Data Ingestion Stage completed <<<<<< 

x=========x]
[2026-01-24 02:27:59,890:INFO:main:>>>>>> stage Prepare base model started <<<<<<]
[2026-01-24 02:27:59,950:INFO:common:yaml file: config\config.yaml loaded successfully]
[2026-01-24 02:27:59,986:INFO:common:yaml file: params.yaml loaded successfully]
[2026-01-24 02:27:59,994:INFO:common:created directory at:artifacts]
[2026-01-24 02:28:00,014:INFO:common:created directory at:artifacts/prepare_base_model]
[2026-01-24 02:28:04,050:WARNING:saving_utils:Compiled the loaded model, but the compiled metrics have yet to be built. `model.compile_metrics` will be empty until you train or evaluate the model.]
[2026-01-24 02:28:07,219:INFO:main:>>>>>> Prepare base model completed <<<<<< 

x=========x]
[2026-01-24 02:28:07,220:INFO:main:>>>>>> stage TRAINING started <<<<<<]
[2026-01-24 02:28:07,236:INFO:common:yaml file: config\config.yaml loaded successfully]
[2026-01-24 02:28:07,240:INFO:common:yaml file: params.yaml loaded successfully]
[2026-01-24 02:28:07,248:INFO:common:created directory at:artifacts]
[2026-01-24 02:28:07,250:INFO:common:created directory at:artifacts\training]
[2026-01-24 02:34:02,219:INFO:main:>>>>>> TRAINING completed <<<<<< 

x=========x]
[2026-01-24 02:34:02,232:INFO:main:>>>>>> stage Evaluation stage started <<<<<<]
[2026-01-24 02:34:02,269:INFO:common:yaml file: config\config.yaml loaded successfully]
[2026-01-24 02:34:02,287:INFO:common:yaml file: params.yaml loaded successfully]
[2026-01-24 02:34:02,297:INFO:common:created directory at:artifacts]
[2026-01-24 02:34:48,784:INFO:common:json file saved at :scores.json]
[2026-01-24 02:34:56,066:WARNING:save:Found untraced functions such as _jit_compiled_convolution_op, _jit_compiled_convolution_op, _jit_compiled_convolution_op, _jit_compiled_convolution_op, _jit_compiled_convolution_op while saving (showing 5 of 14). These functions will not be directly callable after loading.]
[2026-01-24 02:34:57,365:INFO:builder_impl:Assets written to: C:\Users\naina\AppData\Local\Temp\tmpt0vydlm7\model\data\model\assets]
[2026-01-24 02:35:39,428:INFO:main:>>>>>> Evaluation stage completed <<<<<< 

x=========x]
[2026-01-24 11:46:02,930:INFO:main:>>>>>> stage Data Ingestion Stage started <<<<<<]
[2026-01-24 11:46:02,973:INFO:common:yaml file: config\config.yaml loaded successfully]
[2026-01-24 11:46:02,998:INFO:common:yaml file: params.yaml loaded successfully]
[2026-01-24 11:46:03,002:INFO:common:created directory at:artifacts]
[2026-01-24 11:46:03,004:INFO:common:created directory at:artifacts/data_ingestion]
[2026-01-24 11:46:03,004:INFO:data_ingestion:Downloading data from https://drive.google.com/file/d/1mYoexgS0MqfkvGdqQ5DE2hpBQ4BLPsOx/view?usp=drive_link into file artifacts/data_ingestion/data.zip]
[2026-01-24 11:47:09,798:INFO:data_ingestion:Download data from https://drive.google.com/file/d/1mYoexgS0MqfkvGdqQ5DE2hpBQ4BLPsOx/view?usp=drive_link into file artifacts/data_ingestion/data.zip]
[2026-01-24 11:47:15,178:INFO:main:>>>>>> Data Ingestion Stage completed <<<<<< 

x=========x]
[2026-01-24 11:47:15,179:INFO:main:>>>>>> stage Prepare base model started <<<<<<]
[2026-01-24 11:47:15,216:INFO:common:yaml file: config\config.yaml loaded successfully]
[2026-01-24 11:47:15,231:INFO:common:yaml file: params.yaml loaded successfully]
[2026-01-24 11:47:15,237:INFO:common:created directory at:artifacts]
[2026-01-24 11:47:15,238:INFO:common:created directory at:artifacts/prepare_base_model]
[2026-01-24 11:47:19,473:WARNING:saving_utils:Compiled the loaded model, but the compiled metrics have yet to be built. `model.compile_metrics` will be empty until you train or evaluate the model.]
[2026-01-24 11:47:20,499:INFO:main:>>>>>> Prepare base model completed <<<<<< 

x=========x]
[2026-01-24 11:47:20,499:INFO:main:>>>>>> stage TRAINING started <<<<<<]
[2026-01-24 11:47:20,509:INFO:common:yaml file: config\config.yaml loaded successfully]
[2026-01-24 11:47:20,513:INFO:common:yaml file: params.yaml loaded successfully]
[2026-01-24 11:47:20,513:INFO:common:created directory at:artifacts]
[2026-01-24 11:47:20,514:INFO:common:created directory at:artifacts\training]
[2026-01-24 11:55:08,921:INFO:main:>>>>>> stage Data Ingestion Stage started <<<<<<]
[2026-01-24 11:55:08,926:INFO:common:yaml file: config\config.yaml loaded successfully]
[2026-01-24 11:55:08,931:INFO:common:yaml file: params.yaml loaded successfully]
[2026-01-24 11:55:08,933:INFO:common:created directory at:artifacts]
[2026-01-24 11:55:08,935:INFO:common:created directory at:artifacts/data_ingestion]
[2026-01-24 11:55:08,936:INFO:data_ingestion:Downloading data from https://drive.google.com/file/d/1mYoexgS0MqfkvGdqQ5DE2hpBQ4BLPsOx/view?usp=drive_link into file artifacts/data_ingestion/data.zip]
[2026-01-24 11:56:09,775:INFO:data_ingestion:Download data from https://drive.google.com/file/d/1mYoexgS0MqfkvGdqQ5DE2hpBQ4BLPsOx/view?usp=drive_link into file artifacts/data_ingestion/data.zip]
[2026-01-24 11:56:14,141:INFO:main:>>>>>> Data Ingestion Stage completed <<<<<< 

x=========x]
[2026-01-24 11:56:14,142:INFO:main:>>>>>> stage Prepare base model started <<<<<<]
[2026-01-24 11:56:14,179:INFO:common:yaml file: config\config.yaml loaded successfully]
[2026-01-24 11:56:14,194:INFO:common:yaml file: params.yaml loaded successfully]
[2026-01-24 11:56:14,197:INFO:common:created directory at:artifacts]
[2026-01-24 11:56:14,199:INFO:common:created directory at:artifacts/prepare_base_model]
[2026-01-24 11:56:16,351:WARNING:saving_utils:Compiled the loaded model, but the compiled metrics have yet to be built. `model.compile_metrics` will be empty until you train or evaluate the model.]
[2026-01-24 11:56:18,654:INFO:main:>>>>>> Prepare base model completed <<<<<< 

x=========x]
[2026-01-24 11:56:18,656:INFO:main:>>>>>> stage TRAINING started <<<<<<]
[2026-01-24 11:56:18,744:INFO:common:yaml file: config\config.yaml loaded successfully]
[2026-01-24 11:56:18,751:INFO:common:yaml file: params.yaml loaded successfully]
[2026-01-24 11:56:18,753:INFO:common:created directory at:artifacts]
[2026-01-24 11:56:18,755:INFO:common:created directory at:artifacts\training]
[2026-01-24 12:01:24,057:INFO:main:>>>>>> TRAINING completed <<<<<< 

x=========x]
[2026-01-24 12:01:24,063:INFO:main:>>>>>> stage Evaluation stage started <<<<<<]
[2026-01-24 12:01:24,079:INFO:common:yaml file: config\config.yaml loaded successfully]
[2026-01-24 12:01:24,088:INFO:common:yaml file: params.yaml loaded successfully]
[2026-01-24 12:01:24,092:INFO:common:created directory at:artifacts]
[2026-01-24 12:02:10,324:INFO:common:json file saved at :scores.json]
[2026-01-24 12:02:18,567:WARNING:save:Found untraced functions such as _jit_compiled_convolution_op, _jit_compiled_convolution_op, _jit_compiled_convolution_op, _jit_compiled_convolution_op, _jit_compiled_convolution_op while saving (showing 5 of 14). These functions will not be directly callable after loading.]
[2026-01-24 12:02:19,695:INFO:builder_impl:Assets written to: C:\Users\naina\AppData\Local\Temp\tmpve_l34zm\model\data\model\assets]
[2026-01-24 12:03:39,472:INFO:main:>>>>>> Evaluation stage completed <<<<<< 

x=========x]
[2026-01-24 12:10:31,615:INFO:main:>>>>>> stage Data Ingestion Stage started <<<<<<]
[2026-01-24 12:10:31,620:INFO:common:yaml file: config\config.yaml loaded successfully]
[2026-01-24 12:10:31,680:INFO:common:yaml file: params.yaml loaded successfully]
[2026-01-24 12:10:31,682:INFO:common:created directory at:artifacts]
[2026-01-24 12:10:31,686:INFO:common:created directory at:artifacts/data_ingestion]
[2026-01-24 12:10:31,688:INFO:data_ingestion:Downloading data from https://drive.google.com/file/d/1mYoexgS0MqfkvGdqQ5DE2hpBQ4BLPsOx/view?usp=drive_link into file artifacts/data_ingestion/data.zip]
[2026-01-24 12:11:34,558:INFO:data_ingestion:Download data from https://drive.google.com/file/d/1mYoexgS0MqfkvGdqQ5DE2hpBQ4BLPsOx/view?usp=drive_link into file artifacts/data_ingestion/data.zip]
[2026-01-24 12:11:38,502:INFO:main:>>>>>> Data Ingestion Stage completed <<<<<< 

x=========x]
[2026-01-24 12:11:38,504:INFO:main:>>>>>> stage Prepare base model started <<<<<<]
[2026-01-24 12:11:38,508:INFO:common:yaml file: config\config.yaml loaded successfully]
[2026-01-24 12:11:38,513:INFO:common:yaml file: params.yaml loaded successfully]
[2026-01-24 12:11:38,514:INFO:common:created directory at:artifacts]
[2026-01-24 12:11:38,518:INFO:common:created directory at:artifacts/prepare_base_model]
[2026-01-24 12:11:39,851:WARNING:saving_utils:Compiled the loaded model, but the compiled metrics have yet to be built. `model.compile_metrics` will be empty until you train or evaluate the model.]
[2026-01-24 12:11:40,317:INFO:main:>>>>>> Prepare base model completed <<<<<< 

x=========x]
[2026-01-24 12:11:40,317:INFO:main:>>>>>> stage TRAINING started <<<<<<]
[2026-01-24 12:11:40,321:INFO:common:yaml file: config\config.yaml loaded successfully]
[2026-01-24 12:11:40,324:INFO:common:yaml file: params.yaml loaded successfully]
[2026-01-24 12:11:40,325:INFO:common:created directory at:artifacts]
[2026-01-24 12:11:40,326:INFO:common:created directory at:artifacts\training]
[2026-01-24 12:17:53,914:INFO:main:>>>>>> TRAINING completed <<<<<< 

x=========x]
[2026-01-24 12:17:53,923:INFO:main:>>>>>> stage Evaluation stage started <<<<<<]
[2026-01-24 12:17:53,954:INFO:common:yaml file: config\config.yaml loaded successfully]
[2026-01-24 12:17:53,967:INFO:common:yaml file: params.yaml loaded successfully]
[2026-01-24 12:17:53,979:INFO:common:created directory at:artifacts]
[2026-01-24 12:18:41,074:INFO:common:json file saved at :scores.json]
[2026-01-24 12:18:48,483:WARNING:save:Found untraced functions such as _jit_compiled_convolution_op, _jit_compiled_convolution_op, _jit_compiled_convolution_op, _jit_compiled_convolution_op, _jit_compiled_convolution_op while saving (showing 5 of 14). These functions will not be directly callable after loading.]
[2026-01-24 12:18:49,307:INFO:builder_impl:Assets written to: C:\Users\naina\AppData\Local\Temp\tmpmttupha1\model\data\model\assets]
[2026-01-24 12:20:18,224:INFO:main:>>>>>> Evaluation stage completed <<<<<< 

x=========x]
[2026-01-24 12:21:35,402:INFO:main:>>>>>> stage Data Ingestion Stage started <<<<<<]
[2026-01-24 12:21:35,409:INFO:common:yaml file: config\config.yaml loaded successfully]
[2026-01-24 12:21:35,514:INFO:common:yaml file: params.yaml loaded successfully]
[2026-01-24 12:21:35,516:INFO:common:created directory at:artifacts]
[2026-01-24 12:21:35,517:INFO:common:created directory at:artifacts/data_ingestion]
[2026-01-24 12:21:35,519:INFO:data_ingestion:Downloading data from https://drive.google.com/file/d/1mYoexgS0MqfkvGdqQ5DE2hpBQ4BLPsOx/view?usp=drive_link into file artifacts/data_ingestion/data.zip]
[2026-01-24 12:22:35,669:INFO:data_ingestion:Download data from https://drive.google.com/file/d/1mYoexgS0MqfkvGdqQ5DE2hpBQ4BLPsOx/view?usp=drive_link into file artifacts/data_ingestion/data.zip]
[2026-01-24 12:22:42,384:INFO:main:>>>>>> Data Ingestion Stage completed <<<<<< 

x=========x]
[2026-01-24 12:22:42,385:INFO:main:>>>>>> stage Prepare base model started <<<<<<]
[2026-01-24 12:22:42,430:INFO:common:yaml file: config\config.yaml loaded successfully]
[2026-01-24 12:22:42,447:INFO:common:yaml file: params.yaml loaded successfully]
[2026-01-24 12:22:42,450:INFO:common:created directory at:artifacts]
[2026-01-24 12:22:42,451:INFO:common:created directory at:artifacts/prepare_base_model]
[2026-01-24 12:22:44,507:WARNING:saving_utils:Compiled the loaded model, but the compiled metrics have yet to be built. `model.compile_metrics` will be empty until you train or evaluate the model.]
[2026-01-24 12:22:45,109:INFO:main:>>>>>> Prepare base model completed <<<<<< 

x=========x]
[2026-01-24 12:22:45,109:INFO:main:>>>>>> stage TRAINING started <<<<<<]
[2026-01-24 12:22:45,115:INFO:common:yaml file: config\config.yaml loaded successfully]
[2026-01-24 12:22:45,117:INFO:common:yaml file: params.yaml loaded successfully]
[2026-01-24 12:22:45,118:INFO:common:created directory at:artifacts]
[2026-01-24 12:22:45,119:INFO:common:created directory at:artifacts\training]
[2026-01-24 12:28:05,571:INFO:main:>>>>>> TRAINING completed <<<<<< 

x=========x]
[2026-01-24 12:28:05,576:INFO:main:>>>>>> stage Evaluation stage started <<<<<<]
[2026-01-24 12:28:05,590:INFO:common:yaml file: config\config.yaml loaded successfully]
[2026-01-24 12:28:05,597:INFO:common:yaml file: params.yaml loaded successfully]
[2026-01-24 12:28:05,600:INFO:common:created directory at:artifacts]
[2026-01-24 12:28:51,962:INFO:common:json file saved at :scores.json]
[2026-01-24 12:28:58,825:WARNING:save:Found untraced functions such as _jit_compiled_convolution_op, _jit_compiled_convolution_op, _jit_compiled_convolution_op, _jit_compiled_convolution_op, _jit_compiled_convolution_op while saving (showing 5 of 14). These functions will not be directly callable after loading.]
[2026-01-24 12:28:59,751:INFO:builder_impl:Assets written to: C:\Users\naina\AppData\Local\Temp\tmpmbxxvvtt\model\data\model\assets]
[2026-01-24 12:30:10,460:INFO:main:>>>>>> Evaluation stage completed <<<<<< 

x=========x]
[2026-01-24 13:20:14,414:INFO:stage01_data_ingestion:>>>>>> stage Data Ingestion Stage started <<<<<<]
[2026-01-24 13:20:14,418:INFO:common:yaml file: config\config.yaml loaded successfully]
[2026-01-24 13:20:14,425:INFO:common:yaml file: params.yaml loaded successfully]
[2026-01-24 13:20:14,427:INFO:common:created directory at:artifacts]
[2026-01-24 13:20:14,427:INFO:common:created directory at:artifacts/data_ingestion]
[2026-01-24 13:20:14,428:INFO:data_ingestion:Downloading data from https://drive.google.com/file/d/1mYoexgS0MqfkvGdqQ5DE2hpBQ4BLPsOx/view?usp=drive_link into file artifacts/data_ingestion/data.zip]
[2026-01-24 13:21:15,351:INFO:data_ingestion:Download data from https://drive.google.com/file/d/1mYoexgS0MqfkvGdqQ5DE2hpBQ4BLPsOx/view?usp=drive_link into file artifacts/data_ingestion/data.zip]
[2026-01-24 13:21:23,483:INFO:stage01_data_ingestion:>>>>>> Data Ingestion Stage completed <<<<<< 

x=========x]
[2026-01-24 13:22:44,345:INFO:stage02_prepare_base_model:>>>>>> stage Prepare base model started <<<<<<]
[2026-01-24 13:22:44,367:INFO:common:yaml file: config\config.yaml loaded successfully]
[2026-01-24 13:22:44,373:INFO:common:yaml file: params.yaml loaded successfully]
[2026-01-24 13:22:44,377:INFO:common:created directory at:artifacts]
[2026-01-24 13:22:44,377:INFO:common:created directory at:artifacts/prepare_base_model]
[2026-01-24 13:22:46,791:WARNING:saving_utils:Compiled the loaded model, but the compiled metrics have yet to be built. `model.compile_metrics` will be empty until you train or evaluate the model.]
[2026-01-24 13:22:49,032:INFO:stage02_prepare_base_model:>>>>>> Prepare base model completed <<<<<< 

x=========x]
[2026-01-24 13:35:34,988:INFO:stage03_model_training:>>>>>> stage TRAINING started <<<<<<]
[2026-01-24 13:35:34,994:INFO:common:yaml file: config\config.yaml loaded successfully]
[2026-01-24 13:35:34,998:INFO:common:yaml file: params.yaml loaded successfully]
[2026-01-24 13:35:34,999:INFO:common:created directory at:artifacts]
[2026-01-24 13:35:35,000:INFO:common:created directory at:artifacts\training]
[2026-01-24 13:41:28,874:INFO:stage03_model_training:>>>>>> TRAINING completed <<<<<< 

x=========x]
[2026-01-24 13:41:48,352:INFO:stage04_model_evaluation_mlflow:>>>>>> stage Evaluation stage started <<<<<<]
[2026-01-24 13:41:48,360:INFO:common:yaml file: config\config.yaml loaded successfully]
[2026-01-24 13:41:48,364:INFO:common:yaml file: params.yaml loaded successfully]
[2026-01-24 13:41:48,365:INFO:common:created directory at:artifacts]
[2026-01-24 13:42:37,875:INFO:common:json file saved at :scores.json]
[2026-01-24 13:42:37,881:INFO:common:json file saved at :scores.json]
[2026-01-24 13:42:37,882:INFO:stage04_model_evaluation_mlflow:>>>>>> Evaluation stage completed <<<<<< 

x=========x]
[2026-01-24 14:29:57,697:INFO:_internal:[31m[1mWARNING: This is a development server. Do not use it in a production deployment. Use a production WSGI server instead.[0m
 * Running on http://127.0.0.1:8081]
[2026-01-24 14:29:57,713:INFO:_internal:[33mPress CTRL+C to quit[0m]
[2026-01-24 14:30:24,096:INFO:_internal:127.0.0.1 - - [24/Jan/2026 14:30:24] "GET / HTTP/1.1" 200 -]
[2026-01-24 14:30:52,012:ERROR:app:Exception on /predict [POST]]
Traceback (most recent call last):
  File "D:\Anaconda\envs\kidney\lib\site-packages\flask\app.py", line 2190, in wsgi_app
    response = self.full_dispatch_request()
  File "D:\Anaconda\envs\kidney\lib\site-packages\flask\app.py", line 1486, in full_dispatch_request
    rv = self.handle_user_exception(e)
  File "D:\Anaconda\envs\kidney\lib\site-packages\flask_cors\extension.py", line 176, in wrapped_function
    return cors_after_request(app.make_response(f(*args, **kwargs)))
  File "D:\Anaconda\envs\kidney\lib\site-packages\flask\app.py", line 1484, in full_dispatch_request
    rv = self.dispatch_request()
  File "D:\Anaconda\envs\kidney\lib\site-packages\flask\app.py", line 1469, in dispatch_request
    return self.ensure_sync(self.view_functions[rule.endpoint])(**view_args)
TypeError: cross_origin.<locals>.decorator() missing 1 required positional argument: 'f'
[2026-01-24 14:30:52,393:INFO:_internal:127.0.0.1 - - [24/Jan/2026 14:30:52] "[35m[1mPOST /predict HTTP/1.1[0m" 500 -]
[2026-01-24 14:32:34,069:INFO:_internal:127.0.0.1 - - [24/Jan/2026 14:32:34] "GET / HTTP/1.1" 200 -]
[2026-01-24 14:33:12,024:INFO:_internal:[31m[1mWARNING: This is a development server. Do not use it in a production deployment. Use a production WSGI server instead.[0m
 * Running on http://127.0.0.1:8081]
[2026-01-24 14:33:12,024:INFO:_internal:[33mPress CTRL+C to quit[0m]
[2026-01-24 14:33:19,136:ERROR:app:Exception on / [GET]]
Traceback (most recent call last):
  File "D:\Anaconda\envs\kidney\lib\site-packages\flask\app.py", line 2190, in wsgi_app
    response = self.full_dispatch_request()
  File "D:\Anaconda\envs\kidney\lib\site-packages\flask\app.py", line 1486, in full_dispatch_request
    rv = self.handle_user_exception(e)
  File "D:\Anaconda\envs\kidney\lib\site-packages\flask_cors\extension.py", line 176, in wrapped_function
    return cors_after_request(app.make_response(f(*args, **kwargs)))
  File "D:\Anaconda\envs\kidney\lib\site-packages\flask\app.py", line 1484, in full_dispatch_request
    rv = self.dispatch_request()
  File "D:\Anaconda\envs\kidney\lib\site-packages\flask\app.py", line 1469, in dispatch_request
    return self.ensure_sync(self.view_functions[rule.endpoint])(**view_args)
  File "D:\Anaconda\envs\kidney\lib\site-packages\flask_cors\decorator.py", line 121, in wrapped_function
    resp = make_response(f(*args, **kwargs))
  File "C:\Users\naina\Kidney-Disease-Classification-Deep-Learning-Project\app.py", line 22, in home
    return render_template('index.html')
  File "D:\Anaconda\envs\kidney\lib\site-packages\flask\templating.py", line 150, in render_template
    template = app.jinja_env.get_or_select_template(template_name_or_list)
  File "D:\Anaconda\envs\kidney\lib\site-packages\jinja2\environment.py", line 1087, in get_or_select_template
    return self.get_template(template_name_or_list, parent, globals)
  File "D:\Anaconda\envs\kidney\lib\site-packages\jinja2\environment.py", line 1016, in get_template
    return self._load_template(name, globals)
  File "D:\Anaconda\envs\kidney\lib\site-packages\jinja2\environment.py", line 975, in _load_template
    template = self.loader.load(self, name, self.make_globals(globals))
  File "D:\Anaconda\envs\kidney\lib\site-packages\jinja2\loaders.py", line 138, in load
    code = environment.compile(source, name, filename)
  File "D:\Anaconda\envs\kidney\lib\site-packages\jinja2\environment.py", line 771, in compile
    self.handle_exception(source=source_hint)
  File "D:\Anaconda\envs\kidney\lib\site-packages\jinja2\environment.py", line 942, in handle_exception
    raise rewrite_traceback_stack(source=source)
  File "C:\Users\naina\Kidney-Disease-Classification-Deep-Learning-Project\templates\index.html", line 138, in template
    {% comment %} <img class="logo" src="data:image/png;base64,iVBORw0KGgoAAAANSUhEUgAAAIkAAAAlCAMAAABBJDpuAAAAVFBMVEX/fgD/iQA7NzIyMjMnNYInNYEnNYInNYEzMzInNYQnNYETJzsnNYIwN1wxMjNoTis4O1YrNm0xOF47PE9DP0dEQEVpTVkAJJ4nNYEOLJHJbiAzMzOmmmHRAAAAFnRSTlOh/vu+986oen9fP2UqEzQkFAIDAAEEILVBJQAAA3FJREFUWMPNmO2WoyAMQG0VBARtdVRs3/89NwkgaF1rd2aOm18tIrnkgwSz7n+R7LcV1ELkeS7E7VySRlyfQXJhTiO55c+liP4cEuH1X8E7gaV+S3Jv2zYZ/Vr+/Sdx2vP6doc/fSPcf/GOpLSFVXFUW8t+giRP47TOd60yk1hbxIhSP0ACKPWrvw7YBIT/lcQY84G3Wk17ugWQfg5UsQJpjflKSLQi7xTWyk0SXTJ4VnB5D1yccxmp4Z+mX5KGNS+SPXVNll0ulyxL0wYmloBB6zL/MpCoAgjAJiUM6w0SboMwPUdRogvNKcNM3smFdRvEcJJkKcflQa+X0pNIfBGW0zKqjyQtw4VLKQlI7ZLgdrRNSZDjMQx2GB4pCkxkCrfGWUTJ0Egan6muCHgJCUwtnCk0mrJ9Q8K5LUqtdSfynkAedhynaRqngVDaXLiJEAzkFkM71IuIlWRYtSQpbXSZDvQ7JPCei9brs+oaABkn74LRIkpFaVxGnzjvIxTYREOoEwn5r01JTDRTcO87Eu3zNUeTPKZpjrIRrNIDCjzALbPk7LJMIokOEQu2K7yKQAKvFDF9pVe0R+LGb7h1MMkw2ijjA/1zhSfSphvEAChXJEhAqwYStIJWXnTpvbdH4hTUwSQ2JRmQpILDLYbB7J41SYiLcNozu5Z3JMo7RxBJahI7WSRByCMkqJt9hySESbVJcvmARJGFExJmdBSl2oM2+T4JLWfgaGFptizlPUm1FydHSdyZ7UnS4ySph2kS0kJrkvr5NJg7dnrJnfxgxPozRPGtkyPNOxtaiDvbIAF9L+5B5zTI2BwlwXmM+U3zReav3o0F8oUEFFZ42McDZYomOUziFmezgWyo251Uc1nyKJol7URCEvIYUEbHYaEGQi9C9egwCdVfHwiaajfjKMUcHcRacCylhWJbJDfq47EEDhYqoIWjHnwDXZPpPiChPQelLU+Cbm4w50FmYgkvFwpiWwCC/Um/SLcNElOC9RVj6qWpCiEMvRUK4zLpdKmPw8rVldy/qxjn60wLrVLWJIPLiZJRr3fsvnOHPvare+lB93tb37T20D82jqOt+zNuXhuNvNhp7X+PpHb3rvV9R5xjE2SpyCN9ffQO+GtWIZr5Xnytz4gTMIRYfys47/uJEXny/aQ/95tSUwmU+uRvSp/IHzQqZYpYrQmxAAAAAElFTkSuQmCC" /> {% endcomment %}
jinja2.exceptions.TemplateSyntaxError: Encountered unknown tag 'comment'.
[2026-01-24 14:33:19,284:INFO:_internal:127.0.0.1 - - [24/Jan/2026 14:33:19] "[35m[1mGET / HTTP/1.1[0m" 500 -]
[2026-01-24 14:33:20,051:INFO:_internal:127.0.0.1 - - [24/Jan/2026 14:33:20] "[33mGET /favicon.ico HTTP/1.1[0m" 404 -]
[2026-01-24 14:36:49,374:INFO:_internal:[31m[1mWARNING: This is a development server. Do not use it in a production deployment. Use a production WSGI server instead.[0m
 * Running on http://127.0.0.1:8081]
[2026-01-24 14:36:49,377:INFO:_internal:[33mPress CTRL+C to quit[0m]
[2026-01-24 14:37:03,989:INFO:_internal:127.0.0.1 - - [24/Jan/2026 14:37:03] "GET / HTTP/1.1" 200 -]
[2026-01-24 14:40:25,025:INFO:main:>>>>>> stage Data Ingestion Stage started <<<<<<]
[2026-01-24 14:40:25,033:INFO:common:yaml file: config\config.yaml loaded successfully]
[2026-01-24 14:40:25,041:INFO:common:yaml file: params.yaml loaded successfully]
[2026-01-24 14:40:25,043:INFO:common:created directory at:artifacts]
[2026-01-24 14:40:25,044:INFO:common:created directory at:artifacts/data_ingestion]
[2026-01-24 14:40:25,045:INFO:data_ingestion:Downloading data from https://drive.google.com/file/d/1mYoexgS0MqfkvGdqQ5DE2hpBQ4BLPsOx/view?usp=drive_link into file artifacts/data_ingestion/data.zip]
[2026-01-24 14:41:04,086:INFO:_internal:[31m[1mWARNING: This is a development server. Do not use it in a production deployment. Use a production WSGI server instead.[0m
 * Running on http://127.0.0.1:8081]
[2026-01-24 14:41:04,086:INFO:_internal:[33mPress CTRL+C to quit[0m]
[2026-01-24 14:41:11,990:INFO:_internal:127.0.0.1 - - [24/Jan/2026 14:41:11] "GET / HTTP/1.1" 200 -]
[2026-01-24 14:41:21,398:ERROR:app:Exception on /predict [POST]]
Traceback (most recent call last):
  File "D:\Anaconda\envs\kidney\lib\site-packages\flask\app.py", line 2190, in wsgi_app
    response = self.full_dispatch_request()
  File "D:\Anaconda\envs\kidney\lib\site-packages\flask\app.py", line 1486, in full_dispatch_request
    rv = self.handle_user_exception(e)
  File "D:\Anaconda\envs\kidney\lib\site-packages\flask_cors\extension.py", line 176, in wrapped_function
    return cors_after_request(app.make_response(f(*args, **kwargs)))
  File "D:\Anaconda\envs\kidney\lib\site-packages\flask\app.py", line 1484, in full_dispatch_request
    rv = self.dispatch_request()
  File "D:\Anaconda\envs\kidney\lib\site-packages\flask\app.py", line 1469, in dispatch_request
    return self.ensure_sync(self.view_functions[rule.endpoint])(**view_args)
TypeError: cross_origin.<locals>.decorator() missing 1 required positional argument: 'f'
[2026-01-24 14:41:21,522:INFO:_internal:127.0.0.1 - - [24/Jan/2026 14:41:21] "[35m[1mPOST /predict HTTP/1.1[0m" 500 -]
[2026-01-24 14:44:59,448:INFO:_internal:[31m[1mWARNING: This is a development server. Do not use it in a production deployment. Use a production WSGI server instead.[0m
 * Running on http://127.0.0.1:8081]
[2026-01-24 14:44:59,448:INFO:_internal:[33mPress CTRL+C to quit[0m]
[2026-01-24 14:45:04,281:INFO:_internal:127.0.0.1 - - [24/Jan/2026 14:45:04] "GET / HTTP/1.1" 200 -]
[2026-01-24 14:45:16,896:INFO:_internal:127.0.0.1 - - [24/Jan/2026 14:45:16] "POST /predict HTTP/1.1" 200 -]
[2026-01-24 14:51:57,716:INFO:_internal:[31m[1mWARNING: This is a development server. Do not use it in a production deployment. Use a production WSGI server instead.[0m
 * Running on http://127.0.0.1:8081]
[2026-01-24 14:51:57,717:INFO:_internal:[33mPress CTRL+C to quit[0m]
[2026-01-24 14:52:05,046:INFO:_internal:127.0.0.1 - - [24/Jan/2026 14:52:05] "GET / HTTP/1.1" 200 -]
[2026-01-24 14:52:20,265:INFO:_internal:127.0.0.1 - - [24/Jan/2026 14:52:20] "POST /predict HTTP/1.1" 200 -]
[2026-01-24 14:54:46,911:INFO:_internal:[31m[1mWARNING: This is a development server. Do not use it in a production deployment. Use a production WSGI server instead.[0m
 * Running on http://127.0.0.1:8081]
[2026-01-24 14:54:46,912:INFO:_internal:[33mPress CTRL+C to quit[0m]
[2026-01-24 14:54:54,745:INFO:_internal:127.0.0.1 - - [24/Jan/2026 14:54:54] "GET / HTTP/1.1" 200 -]
[2026-01-24 14:55:07,216:INFO:_internal:127.0.0.1 - - [24/Jan/2026 14:55:07] "POST /predict HTTP/1.1" 200 -]
[2026-01-24 14:55:57,918:INFO:_internal:127.0.0.1 - - [24/Jan/2026 14:55:57] "POST /predict HTTP/1.1" 200 -]
[2026-01-24 15:03:03,013:INFO:_internal:[31m[1mWARNING: This is a development server. Do not use it in a production deployment. Use a production WSGI server instead.[0m
 * Running on http://127.0.0.1:8081]
[2026-01-24 15:03:03,014:INFO:_internal:[33mPress CTRL+C to quit[0m]
[2026-01-24 15:03:07,893:INFO:_internal:127.0.0.1 - - [24/Jan/2026 15:03:07] "GET / HTTP/1.1" 200 -]
[2026-01-24 15:03:18,254:INFO:_internal:127.0.0.1 - - [24/Jan/2026 15:03:18] "POST /predict HTTP/1.1" 200 -]
[2026-01-24 15:28:22,583:INFO:_internal:[31m[1mWARNING: This is a development server. Do not use it in a production deployment. Use a production WSGI server instead.[0m
 * Running on all addresses (0.0.0.0)
 * Running on http://127.0.0.1:5000
 * Running on http://192.168.1.18:5000]
[2026-01-24 15:28:22,584:INFO:_internal:[33mPress CTRL+C to quit[0m]
[2026-01-24 15:28:44,549:INFO:_internal:127.0.0.1 - - [24/Jan/2026 15:28:44] "GET / HTTP/1.1" 200 -]
[2026-01-24 15:28:45,179:INFO:_internal:127.0.0.1 - - [24/Jan/2026 15:28:45] "[33mGET /favicon.ico HTTP/1.1[0m" 404 -]
[2026-01-24 15:29:01,900:INFO:_internal:127.0.0.1 - - [24/Jan/2026 15:29:01] "POST /predict HTTP/1.1" 200 -]
